#
# There is insufficient memory for the Java Runtime Environment to continue.
# Native memory allocation (mmap) failed to map 262144000 bytes for Failed to commit area from 0x0000000706400000 to 0x0000000715e00000 of length 262144000.
# Possible reasons:
#   The system is out of physical RAM or swap space
#   The process is running with CompressedOops enabled, and the Java Heap may be blocking the growth of the native heap
# Possible solutions:
#   Reduce memory load on the system
#   Increase physical memory or swap space
#   Check if swap backing store is full
#   Decrease Java heap size (-Xmx/-Xms)
#   Decrease number of Java threads
#   Decrease Java thread stack sizes (-Xss)
#   Set larger code cache with -XX:ReservedCodeCacheSize=
# This output file may be truncated or incomplete.
#
#  Out of Memory Error (t:/workspace/open/src/hotspot/os/windows/os_windows.cpp:3264), pid=18740, tid=4808
#
# JRE version:  (12.0.2+10) (build )
# Java VM: Java HotSpot(TM) 64-Bit Server VM (12.0.2+10, mixed mode, aot, sharing, tiered, compressed oops, g1 gc, windows-amd64)
# No core dump will be written. Minidumps are not enabled by default on client versions of Windows
#

---------------  S U M M A R Y ------------

Command Line: -Xverify:none -XX:TieredStopAtLevel=1 ecu.project.client.ClientApplication

Host: Intel(R) Core(TM) i5-10310U CPU @ 1.70GHz, 3 cores, 15G,  Windows 10 , 64 bit Build 18362 (10.0.18362.1766)
Time: Thu Sep 22 23:44:09 2022 Hora est. Pacífico, Sudamérica elapsed time: 0 seconds (0d 0h 0m 0s)

---------------  T H R E A D  ---------------

Current thread (0x000002785328a800):  JavaThread "Unknown thread" [_thread_in_vm, id=4808, stack(0x000000c10e700000,0x000000c10e800000)]

Stack: [0x000000c10e700000,0x000000c10e800000]
Native frames: (J=compiled Java code, j=interpreted, Vv=VM code, C=native code)
V  [jvm.dll+0x63aa2a]
V  [jvm.dll+0x78ce1e]
V  [jvm.dll+0x78e4c1]
V  [jvm.dll+0x78eb13]
V  [jvm.dll+0x2627e8]
V  [jvm.dll+0x637f5a]
V  [jvm.dll+0x62c845]
V  [jvm.dll+0x31e49c]
V  [jvm.dll+0x31e2cf]
V  [jvm.dll+0x324006]
V  [jvm.dll+0x371f56]
V  [jvm.dll+0x371720]
V  [jvm.dll+0x2f845a]
V  [jvm.dll+0x2f96d2]
V  [jvm.dll+0x767267]
V  [jvm.dll+0x7689f5]
V  [jvm.dll+0x380059]
V  [jvm.dll+0x74b794]
V  [jvm.dll+0x3ef5cd]
V  [jvm.dll+0x3f1471]
C  [jli.dll+0x51cf]
C  [ucrtbase.dll+0x210b2]
C  [KERNEL32.DLL+0x17c24]
C  [ntdll.dll+0x6d721]


---------------  P R O C E S S  ---------------

Threads class SMR info:
_java_thread_list=0x00007ff8817a7928, length=0, elements={
}

Java Threads: ( => current thread )

Other Threads:
  0x00000278532ea000 GCTaskThread "GC Thread#0" [stack: 0x000000c10e800000,0x000000c10e900000] [id=8616]
  0x0000027853304000 ConcurrentGCThread "G1 Main Marker" [stack: 0x000000c10e900000,0x000000c10ea00000] [id=3196]
  0x0000027853305800 ConcurrentGCThread "G1 Conc#0" [stack: 0x000000c10ea00000,0x000000c10eb00000] [id=18380]

[error occurred during error reporting (printing all threads), id 0xc0000005, EXCEPTION_ACCESS_VIOLATION (0xc0000005) at pc=0x00007ff880fd85e7]

VM state:not at safepoint (not fully initialized)

VM Mutex/Monitor currently owned by a thread:  ([mutex/lock_event])
[0x0000027853285de0] Heap_lock - owner thread: 0x000002785328a800

Heap address: 0x0000000706400000, size: 3996 MB, Compressed Oops mode: Non-zero based: 0x0000000706400000
Narrow klass base: 0x0000000000000000, Narrow klass shift: 0

GC Heap History (0 events):
No events

Deoptimization events (0 events):
No events

Classes redefined (0 events):
No events

Internal exceptions (0 events):
No events

Events (0 events):
No events


Dynamic libraries:
0x00007ff7d4fd0000 - 0x00007ff7d4fdf000 	C:\Program Files\Java\jdk-12.0.2\bin\java.exe
0x00007ff947260000 - 0x00007ff947450000 	C:\WINDOWS\SYSTEM32\ntdll.dll
0x00007ff9459e0000 - 0x00007ff945a93000 	C:\WINDOWS\System32\KERNEL32.DLL
0x00007ff944450000 - 0x00007ff9446f6000 	C:\WINDOWS\System32\KERNELBASE.dll
0x00007ff9450c0000 - 0x00007ff9451ba000 	C:\WINDOWS\System32\ucrtbase.dll
0x00007ff913a90000 - 0x00007ff913aa8000 	C:\Program Files\Java\jdk-12.0.2\bin\jli.dll
0x00007ff945d80000 - 0x00007ff945e23000 	C:\WINDOWS\System32\ADVAPI32.dll
0x00007ff9453a0000 - 0x00007ff94543e000 	C:\WINDOWS\System32\msvcrt.dll
0x00007ff947040000 - 0x00007ff9470d7000 	C:\WINDOWS\System32\sechost.dll
0x00007ff946d10000 - 0x00007ff946e2f000 	C:\WINDOWS\System32\RPCRT4.dll
0x00007ff945be0000 - 0x00007ff945d74000 	C:\WINDOWS\System32\USER32.dll
0x00007ff9451c0000 - 0x00007ff9451e1000 	C:\WINDOWS\System32\win32u.dll
0x00007ff945370000 - 0x00007ff945396000 	C:\WINDOWS\System32\GDI32.dll
0x00007ff944e80000 - 0x00007ff945018000 	C:\WINDOWS\System32\gdi32full.dll
0x00007ff945020000 - 0x00007ff9450be000 	C:\WINDOWS\System32\msvcp_win.dll
0x00007ff90b0c0000 - 0x00007ff90b0d6000 	C:\Program Files\Java\jdk-12.0.2\bin\VCRUNTIME140.dll
0x00007ff930360000 - 0x00007ff9305e4000 	C:\WINDOWS\WinSxS\amd64_microsoft.windows.common-controls_6595b64144ccf1df_6.0.18362.1854_none_9e7e6453e45e0f86\COMCTL32.dll
0x00007ff945440000 - 0x00007ff945776000 	C:\WINDOWS\System32\combase.dll
0x00007ff944270000 - 0x00007ff9442f4000 	C:\WINDOWS\System32\bcryptPrimitives.dll
0x00007ff9348f0000 - 0x00007ff9348fa000 	C:\WINDOWS\SYSTEM32\VERSION.dll
0x00007ff945780000 - 0x00007ff9457ae000 	C:\WINDOWS\System32\IMM32.DLL
0x0000027851a20000 - 0x0000027851a34000 	C:\WINDOWS\System32\umppc15806.dll
0x00007ff8aacf0000 - 0x00007ff8aad9a000 	C:\Program Files\Java\jdk-12.0.2\bin\msvcp140.dll
0x00007ff880cd0000 - 0x00007ff881847000 	C:\Program Files\Java\jdk-12.0.2\bin\server\jvm.dll
0x00007ff946bb0000 - 0x00007ff946bb8000 	C:\WINDOWS\System32\PSAPI.DLL
0x00007ff9254b0000 - 0x00007ff9254b9000 	C:\WINDOWS\SYSTEM32\WSOCK32.dll
0x00007ff9462d0000 - 0x00007ff94633f000 	C:\WINDOWS\System32\WS2_32.dll
0x00007ff93ea00000 - 0x00007ff93ea24000 	C:\WINDOWS\SYSTEM32\WINMM.dll
0x00007ff93e9d0000 - 0x00007ff93e9fd000 	C:\WINDOWS\SYSTEM32\WINMMBASE.dll
0x00007ff9441d0000 - 0x00007ff94421a000 	C:\WINDOWS\System32\cfgmgr32.dll
0x00007ff944190000 - 0x00007ff9441a1000 	C:\WINDOWS\System32\kernel.appcore.dll
0x00007ff904e20000 - 0x00007ff904e31000 	C:\Program Files\Java\jdk-12.0.2\bin\verify.dll
0x00007ff93f560000 - 0x00007ff93f754000 	C:\WINDOWS\SYSTEM32\DBGHELP.DLL
0x00007ff9265f0000 - 0x00007ff92661a000 	C:\WINDOWS\SYSTEM32\dbgcore.DLL
0x00007ff8fe760000 - 0x00007ff8fe786000 	C:\Program Files\Java\jdk-12.0.2\bin\java.dll
0x00007ff902780000 - 0x00007ff902797000 	C:\Program Files\Java\jdk-12.0.2\bin\zip.dll
0x00007ff92ad80000 - 0x00007ff92ad8a000 	C:\Program Files\Java\jdk-12.0.2\bin\jimage.dll

dbghelp: loaded successfully - version: 4.0.5 - missing functions: none
symbol engine: initialized successfully - sym options: 0x614 - pdb path: .;C:\Program Files\Java\jdk-12.0.2\bin;C:\WINDOWS\SYSTEM32;C:\WINDOWS\WinSxS\amd64_microsoft.windows.common-controls_6595b64144ccf1df_6.0.18362.1854_none_9e7e6453e45e0f86;C:\Program Files\Java\jdk-12.0.2\bin\server

VM Arguments:
jvm_args: -Xverify:none -XX:TieredStopAtLevel=1 
java_command: ecu.project.client.ClientApplication
java_class_path (initial): C:\ecuador\fuente\ecu-project-client\target\classes;C:\Users\jfloresn\.m2\repository\org\springframework\spring-aop\5.3.22\spring-aop-5.3.22.jar;C:\Users\jfloresn\.m2\repository\org\aspectj\aspectjweaver\1.9.7\aspectjweaver-1.9.7.jar;C:\Users\jfloresn\.m2\repository\com\zaxxer\HikariCP\4.0.3\HikariCP-4.0.3.jar;C:\Users\jfloresn\.m2\repository\org\springframework\spring-jdbc\5.3.22\spring-jdbc-5.3.22.jar;C:\Users\jfloresn\.m2\repository\jakarta\transaction\jakarta.transaction-api\1.3.3\jakarta.transaction-api-1.3.3.jar;C:\Users\jfloresn\.m2\repository\jakarta\persistence\jakarta.persistence-api\2.2.3\jakarta.persistence-api-2.2.3.jar;C:\Users\jfloresn\.m2\repository\org\hibernate\hibernate-core\5.6.10.Final\hibernate-core-5.6.10.Final.jar;C:\Users\jfloresn\.m2\repository\org\jboss\logging\jboss-logging\3.4.3.Final\jboss-logging-3.4.3.Final.jar;C:\Users\jfloresn\.m2\repository\net\bytebuddy\byte-buddy\1.12.12\byte-buddy-1.12.12.jar;C:\Users\jfloresn\.m2\repository\antlr\antlr\2.7.7\antlr-2.7.7.jar;C:\Users\jfloresn\.m2\repository\org\jboss\jandex\2.4.2.Final\jandex-2.4.2.Final.jar;C:\Users\jfloresn\.m2\repository\com\fasterxml\classmate\1.5.1\classmate-1.5.1.jar;C:\Users\jfloresn\.m2\repository\org\hibernate\common\hibernate-commons-annotations\5.1.2.Final\hibernate-commons-annotations-5.1.2.Final.jar;C:\Users\jfloresn\.m2\repository\org\glassfish\jaxb\jaxb-runtime\2.3.6\jaxb-runtime-2.3.6.jar;C:\Users\jfloresn\.m2\repository\org\glassfish\jaxb\txw2\2.3.6\txw2-2.3.6.jar;C:\Users\jfloresn\.m2\repository\com\sun\istack\istack-commons-runtime\3.0.12\istack-commons-runtime-3.0.12.jar;C:\Users\jfloresn\.m2\repository\com\sun\activation\jakarta.activation\1.2.2\jakarta.activation-1.2.2.jar;C:\Users\jfloresn\.m2\repository\org\springframework\data\spring-data-jpa\2.7.2\spring-data-jpa-2.7.2.jar;C:\Users\jfloresn\.m2\repository\org\springframework\data\spring-data-commons\2.7.2\spring-data-commons-2.7.2.jar;C:\Users\jfloresn\.m2\repository\org\spr
Launcher Type: SUN_STANDARD

[Global flags]
     bool BytecodeVerificationLocal                = false                                     {product} {command line}
     bool BytecodeVerificationRemote               = false                                     {product} {command line}
     intx CICompilerCount                          = 2                                         {product} {ergonomic}
     uint ConcGCThreads                            = 1                                         {product} {ergonomic}
     uint G1ConcRefinementThreads                  = 3                                         {product} {ergonomic}
   size_t G1HeapRegionSize                         = 1048576                                   {product} {ergonomic}
    uintx GCDrainStackTargetSize                   = 64                                        {product} {ergonomic}
   size_t InitialHeapSize                          = 262144000                                 {product} {ergonomic}
   size_t MarkStackSize                            = 4194304                                   {product} {ergonomic}
   size_t MaxHeapSize                              = 4190109696                                {product} {ergonomic}
   size_t MinHeapDeltaBytes                        = 1048576                                   {product} {ergonomic}
    uintx NonNMethodCodeHeapSize                   = 6396312                                {pd product} {ergonomic}
    uintx NonProfiledCodeHeapSize                  = 245261928                              {pd product} {ergonomic}
    uintx ProfiledCodeHeapSize                     = 0                                      {pd product} {ergonomic}
    uintx ReservedCodeCacheSize                    = 251658240                              {pd product} {ergonomic}
     bool SegmentedCodeCache                       = true                                      {product} {ergonomic}
     intx TieredStopAtLevel                        = 1                                         {product} {command line}
     bool UseCompressedClassPointers               = true                                 {lp64_product} {ergonomic}
     bool UseCompressedOops                        = true                                 {lp64_product} {ergonomic}
     bool UseG1GC                                  = true                                      {product} {ergonomic}
     bool UseLargePagesIndividualAllocation        = false                                  {pd product} {ergonomic}

Logging:
Log output configuration:
 #0: stdout all=warning uptime,level,tags
 #1: stderr all=off uptime,level,tags

Environment Variables:
JAVA_HOME=C:\Program Files\Java\jdk1.8.0_202
PATH=C:\Program Files (x86)\Common Files\Oracle\Java\javapath;C:\Program Files\Eclipse Adoptium\jdk-11.0.15.10-hotspot\bin;C:\Oracle\product\11.2.0\client_1\bin;C:\Program Files\Common Files\Oracle\Java\javapath;C:\app\Administrador\product\11.2.0\client_1;C:\WINDOWS\system32;C:\WINDOWS;C:\WINDOWS\System32\Wbem;C:\WINDOWS\System32\WindowsPowerShell\v1.0\;C:\WINDOWS\System32\OpenSSH\;C:\Program Files\dotnet\;C:\Program Files\Microsoft SQL Server\130\Tools\Binn\;C:\Program Files\Microsoft SQL Server\Client SDK\ODBC\170\Tools\Binn\;C:\Program Files (x86)\Microsoft SQL Server\150\DTS\Binn\;C:\Program Files\Azure Data Studio\bin;C:\Program Files\TortoiseGit\bin;C:\Program Files\PuTTY\;C:\Program Files (x86)\dotnet\;C:\Program Files (x86)\Microsoft SQL Server\110\DTS\Binn\;C:\Program Files (x86)\Microsoft SQL Server\120\DTS\Binn\;C:\Program Files (x86)\Microsoft SQL Server\130\DTS\Binn\;C:\Program Files (x86)\Microsoft SQL Server\140\DTS\Binn\;C:\Program Files\Java\jdk1.8.0_202;C:\Program Files\apache-maven-3.8.6\\bin;;C:\Program Files\Docker\Docker\resources\bin;C:\ProgramData\DockerDesktop\version-bin;C:\Users\jfloresn\AppData\Local\Microsoft\WindowsApps;C:\Users\jfloresn\AppData\Local\Programs\Microsoft VS Code\bin;C:\Users\jfloresn\.dotnet\tools;C:\Users\jfloresn\AppData\Local\GitHubDesktop\bin;C:\Users\jfloresn\AppData\Local\Programs\Microsoft VS Code Insiders\bin;C:\Users\jfloresn\AppData\Local\Programs\Git\cmd
USERNAME=jfloresn
OS=Windows_NT
PROCESSOR_IDENTIFIER=Intel64 Family 6 Model 142 Stepping 12, GenuineIntel



---------------  S Y S T E M  ---------------

OS: Windows 10 , 64 bit Build 18362 (10.0.18362.1766)

CPU:total 3 (initial active 3) (4 cores per cpu, 2 threads per core) family 6 model 142 stepping 12, cmov, cx8, fxsr, mmx, sse, sse2, sse3, ssse3, sse4.1, sse4.2, popcnt, avx, avx2, aes, clmul, erms, 3dnowpref, lzcnt, ht, tsc, tscinvbit, bmi1, bmi2, adx, fma

Memory: 4k page, system-wide physical 15980M (2516M free)
TotalPageFile size 20688M (AvailPageFile size 132M)
current process WorkingSet (physical memory assigned to process): 10M, peak: 10M
current process commit charge ("private bytes"): 48M, peak: 298M

vm_info: Java HotSpot(TM) 64-Bit Server VM (12.0.2+10) for windows-amd64 JRE (12.0.2+10), built on Jul 16 2019 01:56:17 by "mach5one" with MS VC++ 15.5 (VS2017)

END.
